Build started 2018/6/25 14:25:36.
     1>Project "C:\Users\Johnny\MyGit\M2_Demo_Project\Ultra_Demo\tp_auto_Win32.vcxproj" on node 2 (Rebuild target(s)).
     1>PreBuildEvent:
         copy "D:\Script\Engineering\M2\CL_Driver\CL_Improve\CL_Improve.h" "C:\Users\Johnny\MyGit\M2_Demo_Project\Ultra_Demo\Debug\"
         copy "D:\Script\Engineering\M2\CL_Driver\CL_Improve\CL_Improve.dll" "C:\Users\Johnny\MyGit\M2_Demo_Project\Ultra_Demo\Debug\"
         copy "D:\Script\Engineering\M2\CL_Driver\CL_Improve\CL_Improve.lib" "C:\Users\Johnny\MyGit\M2_Demo_Project\Ultra_Demo\Debug\"
         :VCEnd
         已复制         1 个文件。
         已复制         1 个文件。
         已复制         1 个文件。
       ClCompile:
         C:\Program Files (x86)\Microsoft Visual Studio 12.0\VC\bin\CL.exe /c /IC:\Users\Johnny\MyGit\M2_Demo_Project\Ultra_Demo\ /ID:\Drivers\Head_File /ID:\Drivers /ZI /nologo /W3 /WX- /Od /Oy- /D WIN32 /D _DEBUG /D _WINDOWS /D NO_WARN_MBCS_MFC_DEPRECATION /D _USING_V110_SDK71_ /D _MBCS /D _AFXDLL /Gm /EHsc /RTC1 /MDd /GS /arch:SSE /fp:precise /Zc:wchar_t /Zc:forScope /Fo"C:\Users\Johnny\MyGit\M2_Demo_Project\Ultra_Demo\Debug\\" /Fd"C:\Users\Johnny\MyGit\M2_Demo_Project\Ultra_Demo\Debug\vc120.pdb" /Gd /TP /analyze- /FC /errorReport:prompt driver.cpp fdatalog.cpp host_begin.cpp pin_assignments.cpp pin_lists.cpp pin_scramble.cpp seq_and_bin.cpp site_begin.cpp tblks_ac.cpp tblks_dc.cpp tester.cpp test_begin.cpp test_end.cpp timing.cpp voltage.cpp
         voltage.cpp
         timing.cpp
         test_end.cpp
         test_begin.cpp
         tester.cpp
         tblks_dc.cpp
         tblks_ac.cpp
     1>c:\users\johnny\mygit\m2_demo_project\ultra_demo\tblks_ac.cpp(35): warning C4101: 'demo' : unreferenced local variable
         site_begin.cpp
         seq_and_bin.cpp
         pin_scramble.cpp
         pin_lists.cpp
         pin_assignments.cpp
         host_begin.cpp
         fdatalog.cpp
         driver.cpp
         Generating Code...
       ResourceCompile:
         C:\Program Files (x86)\Microsoft SDKs\Windows\v7.1A\bin\rc.exe /D _USING_V110_SDK71_ /D _AFXDLL /l"0x0409" /nologo /fo"C:\Users\Johnny\MyGit\M2_Demo_Project\Ultra_Demo\Debug\MultiDialog.res" MultiDialog.rc 
       Link:
         C:\Program Files (x86)\Microsoft Visual Studio 12.0\VC\bin\link.exe /ERRORREPORT:PROMPT /OUT:"C:\Users\Johnny\MyGit\M2_Demo_Project\Ultra_Demo\Debug\Ultra_Demo.exe" /INCREMENTAL /NOLOGO /MANIFEST /MANIFESTUAC:"level='asInvoker' uiAccess='false'" /manifest:embed /manifestinput:"C:\Program Files (x86)\Microsoft Visual Studio 12.0\VC\Include\Manifest\dpiaware.manifest" /DEBUG /PDB:"C:\Users\Johnny\MyGit\M2_Demo_Project\Ultra_Demo\Debug\Ultra_Demo.pdb" /SUBSYSTEM:WINDOWS,"5.01" /TLBID:1 /DYNAMICBASE /NXCOMPAT /IMPLIB:"C:\Users\Johnny\MyGit\M2_Demo_Project\Ultra_Demo\Debug\Ultra_Demo.lib" /MACHINE:X86 C:\Users\Johnny\MyGit\M2_Demo_Project\Ultra_Demo\Debug\MultiDialog.res
         C:\Users\Johnny\MyGit\M2_Demo_Project\Ultra_Demo\Debug\driver.obj
         C:\Users\Johnny\MyGit\M2_Demo_Project\Ultra_Demo\Debug\fdatalog.obj
         C:\Users\Johnny\MyGit\M2_Demo_Project\Ultra_Demo\Debug\host_begin.obj
         C:\Users\Johnny\MyGit\M2_Demo_Project\Ultra_Demo\Debug\pin_assignments.obj
         C:\Users\Johnny\MyGit\M2_Demo_Project\Ultra_Demo\Debug\pin_lists.obj
         C:\Users\Johnny\MyGit\M2_Demo_Project\Ultra_Demo\Debug\pin_scramble.obj
         C:\Users\Johnny\MyGit\M2_Demo_Project\Ultra_Demo\Debug\seq_and_bin.obj
         C:\Users\Johnny\MyGit\M2_Demo_Project\Ultra_Demo\Debug\site_begin.obj
         C:\Users\Johnny\MyGit\M2_Demo_Project\Ultra_Demo\Debug\tblks_ac.obj
         C:\Users\Johnny\MyGit\M2_Demo_Project\Ultra_Demo\Debug\tblks_dc.obj
         C:\Users\Johnny\MyGit\M2_Demo_Project\Ultra_Demo\Debug\tester.obj
         C:\Users\Johnny\MyGit\M2_Demo_Project\Ultra_Demo\Debug\test_begin.obj
         C:\Users\Johnny\MyGit\M2_Demo_Project\Ultra_Demo\Debug\test_end.obj
         C:\Users\Johnny\MyGit\M2_Demo_Project\Ultra_Demo\Debug\timing.obj
         C:\Users\Johnny\MyGit\M2_Demo_Project\Ultra_Demo\Debug\voltage.obj
         Debug\CL_Improve.lib
         tp_auto_Win32.vcxproj -> C:\Users\Johnny\MyGit\M2_Demo_Project\Ultra_Demo\Debug\Ultra_Demo.exe
     1>Done Building Project "C:\Users\Johnny\MyGit\M2_Demo_Project\Ultra_Demo\tp_auto_Win32.vcxproj" (Rebuild target(s)).

Build succeeded.

Time Elapsed 00:00:33.07
