c:\users\johnny\mygit\m2_demo_project\ultra_demo\debug\vc120.pdb
c:\users\johnny\mygit\m2_demo_project\ultra_demo\debug\vc120.idb
c:\users\johnny\mygit\m2_demo_project\ultra_demo\debug\driver.obj
c:\users\johnny\mygit\m2_demo_project\ultra_demo\debug\fdatalog.obj
c:\users\johnny\mygit\m2_demo_project\ultra_demo\debug\host_begin.obj
c:\users\johnny\mygit\m2_demo_project\ultra_demo\debug\pin_assignments.obj
c:\users\johnny\mygit\m2_demo_project\ultra_demo\debug\pin_lists.obj
c:\users\johnny\mygit\m2_demo_project\ultra_demo\debug\pin_scramble.obj
c:\users\johnny\mygit\m2_demo_project\ultra_demo\debug\seq_and_bin.obj
c:\users\johnny\mygit\m2_demo_project\ultra_demo\debug\site_begin.obj
c:\users\johnny\mygit\m2_demo_project\ultra_demo\debug\tblks_ac.obj
c:\users\johnny\mygit\m2_demo_project\ultra_demo\debug\tblks_dc.obj
c:\users\johnny\mygit\m2_demo_project\ultra_demo\debug\tester.obj
c:\users\johnny\mygit\m2_demo_project\ultra_demo\debug\test_begin.obj
c:\users\johnny\mygit\m2_demo_project\ultra_demo\debug\test_end.obj
c:\users\johnny\mygit\m2_demo_project\ultra_demo\debug\timer.obj
c:\users\johnny\mygit\m2_demo_project\ultra_demo\debug\timing.obj
c:\users\johnny\mygit\m2_demo_project\ultra_demo\debug\voltage.obj
c:\users\johnny\mygit\m2_demo_project\ultra_demo\debug\ultra_demo.ilk
c:\users\johnny\mygit\m2_demo_project\ultra_demo\debug\ultra_demo.exe
c:\users\johnny\mygit\m2_demo_project\ultra_demo\debug\ultra_demo.pdb
c:\users\johnny\mygit\m2_demo_project\ultra_demo\debug\multidialog.res
c:\users\johnny\mygit\m2_demo_project\ultra_demo\debug\ultra_demo.tlog\cl.command.1.tlog
c:\users\johnny\mygit\m2_demo_project\ultra_demo\debug\ultra_demo.tlog\cl.read.1.tlog
c:\users\johnny\mygit\m2_demo_project\ultra_demo\debug\ultra_demo.tlog\cl.write.1.tlog
c:\users\johnny\mygit\m2_demo_project\ultra_demo\debug\ultra_demo.tlog\link.command.1.tlog
c:\users\johnny\mygit\m2_demo_project\ultra_demo\debug\ultra_demo.tlog\link.read.1.tlog
c:\users\johnny\mygit\m2_demo_project\ultra_demo\debug\ultra_demo.tlog\link.write.1.tlog
c:\users\johnny\mygit\m2_demo_project\ultra_demo\debug\ultra_demo.tlog\rc.command.1.tlog
c:\users\johnny\mygit\m2_demo_project\ultra_demo\debug\ultra_demo.tlog\rc.read.1.tlog
c:\users\johnny\mygit\m2_demo_project\ultra_demo\debug\ultra_demo.tlog\rc.write.1.tlog
